{"src/childviewcontainer.js":{"path":"src/childviewcontainer.js","s":{"1":1,"2":1,"3":0,"4":0,"5":1,"6":0,"7":0,"8":0,"9":1,"10":1,"11":1,"12":1,"13":19,"14":19,"15":19,"16":19,"17":19,"18":1,"19":25,"20":25,"21":25,"22":6,"23":25,"24":7,"25":25,"26":25,"27":2,"28":2,"29":2,"30":2,"31":2,"32":3,"33":8,"34":5,"35":5,"36":5,"37":5,"38":4,"39":4,"40":4,"41":5,"42":5,"43":5,"44":3,"45":5,"46":10,"47":9,"48":49,"49":1,"50":1,"51":23,"52":2,"53":2,"54":2,"55":1,"56":1,"57":1,"58":0,"59":0,"60":1},"b":{"1":[0,1],"2":[1,0],"3":[0,1],"4":[6,19],"5":[7,18],"6":[5,0],"7":[4,0],"8":[9,1],"9":[9,0]},"f":{"1":1,"2":0,"3":1,"4":1,"5":19,"6":25,"7":2,"8":2,"9":2,"10":3,"11":8,"12":5,"13":4,"14":3,"15":5,"16":10,"17":49,"18":23,"19":2,"20":0},"fnMap":{"1":{"name":"(anonymous_1)","line":1,"loc":{"start":{"line":1,"column":1},"end":{"line":1,"column":25}}},"2":{"name":"(anonymous_2)","line":4,"loc":{"start":{"line":4,"column":50},"end":{"line":4,"column":81}}},"3":{"name":"(anonymous_3)","line":15,"loc":{"start":{"line":15,"column":8},"end":{"line":15,"column":30}}},"4":{"name":"(anonymous_4)","line":26,"loc":{"start":{"line":26,"column":33},"end":{"line":26,"column":56}}},"5":{"name":"(anonymous_5)","line":31,"loc":{"start":{"line":31,"column":20},"end":{"line":31,"column":35}}},"6":{"name":"(anonymous_6)","line":49,"loc":{"start":{"line":49,"column":11},"end":{"line":49,"column":38}}},"7":{"name":"(anonymous_7)","line":71,"loc":{"start":{"line":71,"column":19},"end":{"line":71,"column":34}}},"8":{"name":"(anonymous_8)","line":78,"loc":{"start":{"line":78,"column":22},"end":{"line":78,"column":40}}},"9":{"name":"(anonymous_9)","line":84,"loc":{"start":{"line":84,"column":20},"end":{"line":84,"column":35}}},"10":{"name":"(anonymous_10)","line":91,"loc":{"start":{"line":91,"column":19},"end":{"line":91,"column":34}}},"11":{"name":"(anonymous_11)","line":96,"loc":{"start":{"line":96,"column":17},"end":{"line":96,"column":30}}},"12":{"name":"(anonymous_12)","line":101,"loc":{"start":{"line":101,"column":14},"end":{"line":101,"column":28}}},"13":{"name":"(anonymous_13)","line":110,"loc":{"start":{"line":110,"column":35},"end":{"line":110,"column":54}}},"14":{"name":"(anonymous_14)","line":128,"loc":{"start":{"line":128,"column":12},"end":{"line":128,"column":28}}},"15":{"name":"(anonymous_15)","line":135,"loc":{"start":{"line":135,"column":13},"end":{"line":135,"column":35}}},"16":{"name":"(anonymous_16)","line":136,"loc":{"start":{"line":136,"column":28},"end":{"line":136,"column":42}}},"17":{"name":"(anonymous_17)","line":144,"loc":{"start":{"line":144,"column":21},"end":{"line":144,"column":31}}},"18":{"name":"(anonymous_18)","line":159,"loc":{"start":{"line":159,"column":20},"end":{"line":159,"column":37}}},"19":{"name":"(anonymous_19)","line":160,"loc":{"start":{"line":160,"column":36},"end":{"line":160,"column":47}}},"20":{"name":"(anonymous_20)","line":173,"loc":{"start":{"line":173,"column":43},"end":{"line":173,"column":55}}}},"statementMap":{"1":{"start":{"line":1,"column":0},"end":{"line":180,"column":4}},"2":{"start":{"line":3,"column":2},"end":{"line":13,"column":3}},"3":{"start":{"line":4,"column":4},"end":{"line":6,"column":7}},"4":{"start":{"line":5,"column":6},"end":{"line":5,"column":34}},"5":{"start":{"line":7,"column":9},"end":{"line":13,"column":3}},"6":{"start":{"line":8,"column":4},"end":{"line":8,"column":39}},"7":{"start":{"line":9,"column":4},"end":{"line":9,"column":34}},"8":{"start":{"line":10,"column":4},"end":{"line":10,"column":42}},"9":{"start":{"line":12,"column":4},"end":{"line":12,"column":35}},"10":{"start":{"line":18,"column":2},"end":{"line":18,"column":63}},"11":{"start":{"line":26,"column":2},"end":{"line":169,"column":18}},"12":{"start":{"line":31,"column":4},"end":{"line":38,"column":6}},"13":{"start":{"line":32,"column":6},"end":{"line":32,"column":23}},"14":{"start":{"line":33,"column":6},"end":{"line":33,"column":30}},"15":{"start":{"line":34,"column":6},"end":{"line":34,"column":31}},"16":{"start":{"line":35,"column":6},"end":{"line":35,"column":27}},"17":{"start":{"line":37,"column":6},"end":{"line":37,"column":36}},"18":{"start":{"line":43,"column":4},"end":{"line":147,"column":7}},"19":{"start":{"line":50,"column":8},"end":{"line":50,"column":31}},"20":{"start":{"line":53,"column":8},"end":{"line":53,"column":36}},"21":{"start":{"line":56,"column":8},"end":{"line":58,"column":9}},"22":{"start":{"line":57,"column":10},"end":{"line":57,"column":55}},"23":{"start":{"line":61,"column":8},"end":{"line":63,"column":9}},"24":{"start":{"line":62,"column":10},"end":{"line":62,"column":53}},"25":{"start":{"line":65,"column":8},"end":{"line":65,"column":29}},"26":{"start":{"line":66,"column":8},"end":{"line":66,"column":20}},"27":{"start":{"line":72,"column":8},"end":{"line":72,"column":46}},"28":{"start":{"line":79,"column":8},"end":{"line":79,"column":51}},"29":{"start":{"line":80,"column":8},"end":{"line":80,"column":39}},"30":{"start":{"line":85,"column":8},"end":{"line":85,"column":49}},"31":{"start":{"line":86,"column":8},"end":{"line":86,"column":39}},"32":{"start":{"line":92,"column":8},"end":{"line":92,"column":44}},"33":{"start":{"line":97,"column":8},"end":{"line":97,"column":32}},"34":{"start":{"line":102,"column":8},"end":{"line":102,"column":31}},"35":{"start":{"line":105,"column":8},"end":{"line":107,"column":9}},"36":{"start":{"line":106,"column":10},"end":{"line":106,"column":52}},"37":{"start":{"line":110,"column":8},"end":{"line":115,"column":17}},"38":{"start":{"line":111,"column":10},"end":{"line":114,"column":11}},"39":{"start":{"line":112,"column":12},"end":{"line":112,"column":44}},"40":{"start":{"line":113,"column":12},"end":{"line":113,"column":24}},"41":{"start":{"line":118,"column":8},"end":{"line":118,"column":36}},"42":{"start":{"line":121,"column":8},"end":{"line":121,"column":29}},"43":{"start":{"line":122,"column":8},"end":{"line":122,"column":20}},"44":{"start":{"line":129,"column":8},"end":{"line":129,"column":46}},"45":{"start":{"line":136,"column":8},"end":{"line":140,"column":11}},"46":{"start":{"line":137,"column":10},"end":{"line":139,"column":11}},"47":{"start":{"line":138,"column":12},"end":{"line":138,"column":49}},"48":{"start":{"line":145,"column":8},"end":{"line":145,"column":42}},"49":{"start":{"line":154,"column":4},"end":{"line":157,"column":45}},"50":{"start":{"line":159,"column":4},"end":{"line":165,"column":7}},"51":{"start":{"line":160,"column":6},"end":{"line":164,"column":8}},"52":{"start":{"line":161,"column":8},"end":{"line":161,"column":42}},"53":{"start":{"line":162,"column":8},"end":{"line":162,"column":56}},"54":{"start":{"line":163,"column":8},"end":{"line":163,"column":40}},"55":{"start":{"line":168,"column":4},"end":{"line":168,"column":21}},"56":{"start":{"line":171,"column":2},"end":{"line":171,"column":57}},"57":{"start":{"line":173,"column":2},"end":{"line":176,"column":4}},"58":{"start":{"line":174,"column":4},"end":{"line":174,"column":61}},"59":{"start":{"line":175,"column":4},"end":{"line":175,"column":16}},"60":{"start":{"line":178,"column":2},"end":{"line":178,"column":37}}},"branchMap":{"1":{"line":3,"type":"if","locations":[{"start":{"line":3,"column":2},"end":{"line":3,"column":2}},{"start":{"line":3,"column":2},"end":{"line":3,"column":2}}]},"2":{"line":3,"type":"binary-expr","locations":[{"start":{"line":3,"column":6},"end":{"line":3,"column":34}},{"start":{"line":3,"column":38},"end":{"line":3,"column":48}}]},"3":{"line":7,"type":"if","locations":[{"start":{"line":7,"column":9},"end":{"line":7,"column":9}},{"start":{"line":7,"column":9},"end":{"line":7,"column":9}}]},"4":{"line":56,"type":"if","locations":[{"start":{"line":56,"column":8},"end":{"line":56,"column":8}},{"start":{"line":56,"column":8},"end":{"line":56,"column":8}}]},"5":{"line":61,"type":"if","locations":[{"start":{"line":61,"column":8},"end":{"line":61,"column":8}},{"start":{"line":61,"column":8},"end":{"line":61,"column":8}}]},"6":{"line":105,"type":"if","locations":[{"start":{"line":105,"column":8},"end":{"line":105,"column":8}},{"start":{"line":105,"column":8},"end":{"line":105,"column":8}}]},"7":{"line":111,"type":"if","locations":[{"start":{"line":111,"column":10},"end":{"line":111,"column":10}},{"start":{"line":111,"column":10},"end":{"line":111,"column":10}}]},"8":{"line":137,"type":"if","locations":[{"start":{"line":137,"column":10},"end":{"line":137,"column":10}},{"start":{"line":137,"column":10},"end":{"line":137,"column":10}}]},"9":{"line":138,"type":"binary-expr","locations":[{"start":{"line":138,"column":37},"end":{"line":138,"column":41}},{"start":{"line":138,"column":45},"end":{"line":138,"column":47}}]}}}}